This is pdfTeX, Version 3.14159265-2.6-1.40.18 (TeX Live 2017) (preloaded format=pdflatex 2017.5.23)  9 JAN 2018 13:21
entering extended mode
 restricted \write18 enabled.
 file:line:error style messages enabled.
 %&-line parsing enabled.
**xstream.tex
(./xstream.tex
LaTeX2e <2017-04-15>
Babel <3.10> and hyphenation patterns for 84 language(s) loaded.
(/usr/local/texlive/2017/texmf-dist/tex/latex/base/article.cls
Document Class: article 2014/09/29 v1.4h Standard LaTeX document class
(/usr/local/texlive/2017/texmf-dist/tex/latex/base/size11.clo
File: size11.clo 2014/09/29 v1.4h Standard LaTeX file (size option)
)
\c@part=\count79
\c@section=\count80
\c@subsection=\count81
\c@subsubsection=\count82
\c@paragraph=\count83
\c@subparagraph=\count84
\c@figure=\count85
\c@table=\count86
\abovecaptionskip=\skip41
\belowcaptionskip=\skip42
\bibindent=\dimen102
)
(/usr/local/texlive/2017/texmf-dist/tex/latex/geometry/geometry.sty
Package: geometry 2010/09/12 v5.6 Page Geometry

(/usr/local/texlive/2017/texmf-dist/tex/latex/graphics/keyval.sty
Package: keyval 2014/10/28 v1.15 key=value parser (DPC)
\KV@toks@=\toks14
)
(/usr/local/texlive/2017/texmf-dist/tex/generic/oberdiek/ifpdf.sty
Package: ifpdf 2017/03/15 v3.2 Provides the ifpdf switch
)
(/usr/local/texlive/2017/texmf-dist/tex/generic/oberdiek/ifvtex.sty
Package: ifvtex 2016/05/16 v1.6 Detect VTeX and its facilities (HO)
Package ifvtex Info: VTeX not detected.
)
(/usr/local/texlive/2017/texmf-dist/tex/generic/ifxetex/ifxetex.sty
Package: ifxetex 2010/09/12 v0.6 Provides ifxetex conditional
)
\Gm@cnth=\count87
\Gm@cntv=\count88
\c@Gm@tempcnt=\count89
\Gm@bindingoffset=\dimen103
\Gm@wd@mp=\dimen104
\Gm@odd@mp=\dimen105
\Gm@even@mp=\dimen106
\Gm@layoutwidth=\dimen107
\Gm@layoutheight=\dimen108
\Gm@layouthoffset=\dimen109
\Gm@layoutvoffset=\dimen110
\Gm@dimlist=\toks15
)
(/usr/local/texlive/2017/texmf-dist/tex/latex/ms/ragged2e.sty
Package: ragged2e 2009/05/21 v2.1 ragged2e Package (MS)


LaTeX Warning: Command \@arrayparboxrestore  has changed.
               Check if current package is valid.

(/usr/local/texlive/2017/texmf-dist/tex/latex/ms/everysel.sty
Package: everysel 2011/10/28 v1.2 EverySelectfont Package (MS)
)
(/usr/local/texlive/2017/texmf-dist/tex/latex/footmisc/footmisc.sty
Package: footmisc 2011/06/06 v5.5b a miscellany of footnote facilities
\FN@temptoken=\toks16
\footnotemargin=\dimen111
\c@pp@next@reset=\count90
Package footmisc Info: Declaring symbol style bringhurst on input line 855.
Package footmisc Info: Declaring symbol style chicago on input line 863.
Package footmisc Info: Declaring symbol style wiley on input line 872.
Package footmisc Info: Declaring symbol style lamport-robust on input line 883.

Package footmisc Info: Declaring symbol style lamport* on input line 903.
Package footmisc Info: Declaring symbol style lamport*-robust on input line 924
.
)
\CenteringLeftskip=\skip43
\RaggedLeftLeftskip=\skip44
\RaggedRightLeftskip=\skip45
\CenteringRightskip=\skip46
\RaggedLeftRightskip=\skip47
\RaggedRightRightskip=\skip48
\CenteringParfillskip=\skip49
\RaggedLeftParfillskip=\skip50
\RaggedRightParfillskip=\skip51
\JustifyingParfillskip=\skip52
\CenteringParindent=\skip53
\RaggedLeftParindent=\skip54
\RaggedRightParindent=\skip55
\JustifyingParindent=\skip56
)
(/usr/local/texlive/2017/texmf-dist/tex/latex/psnfss/mathpazo.sty
Package: mathpazo 2005/04/12 PSNFSS-v9.2a Palatino w/ Pazo Math (D.Puga, WaS) 
\symupright=\mathgroup4
)
(/usr/local/texlive/2017/texmf-dist/tex/latex/base/fontenc.sty
Package: fontenc 2017/04/05 v2.0i Standard LaTeX package

(/usr/local/texlive/2017/texmf-dist/tex/latex/base/t1enc.def
File: t1enc.def 2017/04/05 v2.0i Standard LaTeX file
LaTeX Font Info:    Redeclaring font encoding T1 on input line 48.
))
(/usr/local/texlive/2017/texmf-dist/tex/latex/fancyhdr/fancyhdr.sty
Package: fancyhdr 2016/09/06 3.8 Extensive control of page headers and footers
\fancy@headwidth=\skip57
\f@ncyO@elh=\skip58
\f@ncyO@erh=\skip59
\f@ncyO@olh=\skip60
\f@ncyO@orh=\skip61
\f@ncyO@elf=\skip62
\f@ncyO@erf=\skip63
\f@ncyO@olf=\skip64
\f@ncyO@orf=\skip65
)
(/usr/local/texlive/2017/texmf-dist/tex/latex/lastpage/lastpage.sty
Package: lastpage 2015/03/29 v1.2m Refers to last page's name (HMM; JPG)
)
(/usr/local/texlive/2017/texmf-dist/tex/latex/xcolor/xcolor.sty
Package: xcolor 2016/05/11 v2.12 LaTeX color extensions (UK)

(/usr/local/texlive/2017/texmf-dist/tex/latex/graphics-cfg/color.cfg
File: color.cfg 2016/01/02 v1.6 sample color configuration
)
Package xcolor Info: Driver file: pdftex.def on input line 225.

(/usr/local/texlive/2017/texmf-dist/tex/latex/graphics-def/pdftex.def
File: pdftex.def 2017/01/12 v0.06k Graphics/color for pdfTeX

(/usr/local/texlive/2017/texmf-dist/tex/generic/oberdiek/infwarerr.sty
Package: infwarerr 2016/05/16 v1.4 Providing info/warning/error messages (HO)
)
(/usr/local/texlive/2017/texmf-dist/tex/generic/oberdiek/ltxcmds.sty
Package: ltxcmds 2016/05/16 v1.23 LaTeX kernel commands for general use (HO)
)
\Gread@gobject=\count91
)
Package xcolor Info: Model `cmy' substituted by `cmy0' on input line 1348.
Package xcolor Info: Model `hsb' substituted by `rgb' on input line 1352.
Package xcolor Info: Model `RGB' extended on input line 1364.
Package xcolor Info: Model `HTML' substituted by `rgb' on input line 1366.
Package xcolor Info: Model `Hsb' substituted by `hsb' on input line 1367.
Package xcolor Info: Model `tHsb' substituted by `hsb' on input line 1368.
Package xcolor Info: Model `HSB' substituted by `hsb' on input line 1369.
Package xcolor Info: Model `Gray' substituted by `gray' on input line 1370.
Package xcolor Info: Model `wave' substituted by `hsb' on input line 1371.
)
(/usr/local/texlive/2017/texmf-dist/tex/latex/titlesec/titlesec.sty
Package: titlesec 2016/03/21 v2.10.2 Sectioning titles
\ttl@box=\box26
\beforetitleunit=\skip66
\aftertitleunit=\skip67
\ttl@plus=\dimen112
\ttl@minus=\dimen113
\ttl@toksa=\toks17
\titlewidth=\dimen114
\titlewidthlast=\dimen115
\titlewidthfirst=\dimen116
)
(/usr/local/texlive/2017/texmf-dist/tex/latex/url/url.sty
\Urlmuskip=\muskip10
Package: url 2013/09/16  ver 3.4  Verb mode for urls, etc.
)
(/usr/local/texlive/2017/texmf-dist/tex/latex/hyperref/hyperref.sty
Package: hyperref 2017/03/14 v6.85a Hypertext links for LaTeX

(/usr/local/texlive/2017/texmf-dist/tex/generic/oberdiek/hobsub-hyperref.sty
Package: hobsub-hyperref 2016/05/16 v1.14 Bundle oberdiek, subset hyperref (HO)


(/usr/local/texlive/2017/texmf-dist/tex/generic/oberdiek/hobsub-generic.sty
Package: hobsub-generic 2016/05/16 v1.14 Bundle oberdiek, subset generic (HO)
Package: hobsub 2016/05/16 v1.14 Construct package bundles (HO)
Package hobsub Info: Skipping package `infwarerr' (already loaded).
Package hobsub Info: Skipping package `ltxcmds' (already loaded).
Package: ifluatex 2016/05/16 v1.4 Provides the ifluatex switch (HO)
Package ifluatex Info: LuaTeX not detected.
Package hobsub Info: Skipping package `ifvtex' (already loaded).
Package: intcalc 2016/05/16 v1.2 Expandable calculations with integers (HO)
Package hobsub Info: Skipping package `ifpdf' (already loaded).
Package: etexcmds 2016/05/16 v1.6 Avoid name clashes with e-TeX commands (HO)
Package etexcmds Info: Could not find \expanded.
(etexcmds)             That can mean that you are not using pdfTeX 1.50 or
(etexcmds)             that some package has redefined \expanded.
(etexcmds)             In the latter case, load this package earlier.
Package: kvsetkeys 2016/05/16 v1.17 Key value parser (HO)
Package: kvdefinekeys 2016/05/16 v1.4 Define keys (HO)
Package: pdftexcmds 2017/03/19 v0.25 Utility functions of pdfTeX for LuaTeX (HO
)
Package pdftexcmds Info: LuaTeX not detected.
Package pdftexcmds Info: \pdf@primitive is available.
Package pdftexcmds Info: \pdf@ifprimitive is available.
Package pdftexcmds Info: \pdfdraftmode found.
Package: pdfescape 2016/05/16 v1.14 Implements pdfTeX's escape features (HO)
Package: bigintcalc 2016/05/16 v1.4 Expandable calculations on big integers (HO
)
Package: bitset 2016/05/16 v1.2 Handle bit-vector datatype (HO)
Package: uniquecounter 2016/05/16 v1.3 Provide unlimited unique counter (HO)
)
Package hobsub Info: Skipping package `hobsub' (already loaded).
Package: letltxmacro 2016/05/16 v1.5 Let assignment for LaTeX macros (HO)
Package: hopatch 2016/05/16 v1.3 Wrapper for package hooks (HO)
Package: xcolor-patch 2016/05/16 xcolor patch
Package: atveryend 2016/05/16 v1.9 Hooks at the very end of document (HO)
Package atveryend Info: \enddocument detected (standard20110627).
Package: atbegshi 2016/06/09 v1.18 At begin shipout hook (HO)
Package: refcount 2016/05/16 v3.5 Data extraction from label references (HO)
Package: hycolor 2016/05/16 v1.8 Color options for hyperref/bookmark (HO)
)
(/usr/local/texlive/2017/texmf-dist/tex/latex/oberdiek/auxhook.sty
Package: auxhook 2016/05/16 v1.4 Hooks for auxiliary files (HO)
)
(/usr/local/texlive/2017/texmf-dist/tex/latex/oberdiek/kvoptions.sty
Package: kvoptions 2016/05/16 v3.12 Key value format for package options (HO)
)
\@linkdim=\dimen117
\Hy@linkcounter=\count92
\Hy@pagecounter=\count93

(/usr/local/texlive/2017/texmf-dist/tex/latex/hyperref/pd1enc.def
File: pd1enc.def 2017/03/14 v6.85a Hyperref: PDFDocEncoding definition (HO)
)
\Hy@SavedSpaceFactor=\count94

(/usr/local/texlive/2017/texmf-dist/tex/latex/latexconfig/hyperref.cfg
File: hyperref.cfg 2002/06/06 v1.2 hyperref configuration of TeXLive
)
Package hyperref Info: Hyper figures OFF on input line 4498.
Package hyperref Info: Link nesting OFF on input line 4503.
Package hyperref Info: Hyper index ON on input line 4506.
Package hyperref Info: Plain pages OFF on input line 4513.
Package hyperref Info: Backreferencing OFF on input line 4518.
Package hyperref Info: Implicit mode ON; LaTeX internals redefined.
Package hyperref Info: Bookmarks ON on input line 4751.
\c@Hy@tempcnt=\count95
LaTeX Info: Redefining \url on input line 5104.
\XeTeXLinkMargin=\dimen118
\Fld@menulength=\count96
\Field@Width=\dimen119
\Fld@charsize=\dimen120
Package hyperref Info: Hyper figures OFF on input line 6358.
Package hyperref Info: Link nesting OFF on input line 6363.
Package hyperref Info: Hyper index ON on input line 6366.
Package hyperref Info: backreferencing OFF on input line 6373.
Package hyperref Info: Link coloring OFF on input line 6378.
Package hyperref Info: Link coloring with OCG OFF on input line 6383.
Package hyperref Info: PDF/A mode OFF on input line 6388.
LaTeX Info: Redefining \ref on input line 6428.
LaTeX Info: Redefining \pageref on input line 6432.
\Hy@abspage=\count97
\c@Item=\count98
\c@Hfootnote=\count99
)

Package hyperref Message: Driver (autodetected): hpdftex.

(/usr/local/texlive/2017/texmf-dist/tex/latex/hyperref/hpdftex.def
File: hpdftex.def 2017/03/14 v6.85a Hyperref driver for pdfTeX
\Fld@listcount=\count100
\c@bookmark@seq@number=\count101

(/usr/local/texlive/2017/texmf-dist/tex/latex/oberdiek/rerunfilecheck.sty
Package: rerunfilecheck 2016/05/16 v1.8 Rerun checks for auxiliary files (HO)
Package uniquecounter Info: New unique counter `rerunfilecheck' on input line 2
82.
)
\Hy@SectionHShift=\skip68
)
(/usr/local/texlive/2017/texmf-dist/tex/latex/amsmath/amsmath.sty
Package: amsmath 2016/11/05 v2.16a AMS math features
\@mathmargin=\skip69

For additional information on amsmath, use the `?' option.
(/usr/local/texlive/2017/texmf-dist/tex/latex/amsmath/amstext.sty
Package: amstext 2000/06/29 v2.01 AMS text

(/usr/local/texlive/2017/texmf-dist/tex/latex/amsmath/amsgen.sty
File: amsgen.sty 1999/11/30 v2.0 generic functions
\@emptytoks=\toks18
\ex@=\dimen121
))
(/usr/local/texlive/2017/texmf-dist/tex/latex/amsmath/amsbsy.sty
Package: amsbsy 1999/11/29 v1.2d Bold Symbols
\pmbraise@=\dimen122
)
(/usr/local/texlive/2017/texmf-dist/tex/latex/amsmath/amsopn.sty
Package: amsopn 2016/03/08 v2.02 operator names
)
\inf@bad=\count102
LaTeX Info: Redefining \frac on input line 213.
\uproot@=\count103
\leftroot@=\count104
LaTeX Info: Redefining \overline on input line 375.
\classnum@=\count105
\DOTSCASE@=\count106
LaTeX Info: Redefining \ldots on input line 472.
LaTeX Info: Redefining \dots on input line 475.
LaTeX Info: Redefining \cdots on input line 596.
\Mathstrutbox@=\box27
\strutbox@=\box28
\big@size=\dimen123
LaTeX Font Info:    Redeclaring font encoding OML on input line 712.
LaTeX Font Info:    Redeclaring font encoding OMS on input line 713.
\macc@depth=\count107
\c@MaxMatrixCols=\count108
\dotsspace@=\muskip11
\c@parentequation=\count109
\dspbrk@lvl=\count110
\tag@help=\toks19
\row@=\count111
\column@=\count112
\maxfields@=\count113
\andhelp@=\toks20
\eqnshift@=\dimen124
\alignsep@=\dimen125
\tagshift@=\dimen126
\tagwidth@=\dimen127
\totwidth@=\dimen128
\lineht@=\dimen129
\@envbody=\toks21
\multlinegap=\skip70
\multlinetaggap=\skip71
\mathdisplay@stack=\toks22
LaTeX Info: Redefining \[ on input line 2817.
LaTeX Info: Redefining \] on input line 2818.
)
(/usr/local/texlive/2017/texmf-dist/tex/latex/enumitem/enumitem.sty
Package: enumitem 2011/09/28 v3.5.2 Customized lists
\labelindent=\skip72
\enit@outerparindent=\dimen130
\enit@toks=\toks23
\enit@inbox=\box29
\enitdp@description=\count114
)
(/usr/local/texlive/2017/texmf-dist/tex/latex/graphics/graphicx.sty
Package: graphicx 2014/10/28 v1.0g Enhanced LaTeX Graphics (DPC,SPQR)

(/usr/local/texlive/2017/texmf-dist/tex/latex/graphics/graphics.sty
Package: graphics 2017/04/14 v1.1b Standard LaTeX Graphics (DPC,SPQR)

(/usr/local/texlive/2017/texmf-dist/tex/latex/graphics/trig.sty
Package: trig 2016/01/03 v1.10 sin cos tan (DPC)
)
(/usr/local/texlive/2017/texmf-dist/tex/latex/graphics-cfg/graphics.cfg
File: graphics.cfg 2016/06/04 v1.11 sample graphics configuration
)
Package graphics Info: Driver file: pdftex.def on input line 99.
)
\Gin@req@height=\dimen131
\Gin@req@width=\dimen132
)
(/usr/local/texlive/2017/texmf-dist/tex/latex/caption/subcaption.sty
Package: subcaption 2016/05/22 v1.1-161 Sub-captions (AR)

(/usr/local/texlive/2017/texmf-dist/tex/latex/caption/caption.sty
Package: caption 2016/02/21 v3.3-144 Customizing captions (AR)

(/usr/local/texlive/2017/texmf-dist/tex/latex/caption/caption3.sty
Package: caption3 2016/05/22 v1.7-166 caption3 kernel (AR)
Package caption3 Info: TeX engine: e-TeX on input line 67.
\captionmargin=\dimen133
\captionmargin@=\dimen134
\captionwidth=\dimen135
\caption@tempdima=\dimen136
\caption@indent=\dimen137
\caption@parindent=\dimen138
\caption@hangindent=\dimen139
)
\c@ContinuedFloat=\count115
Package caption Info: hyperref package is loaded.
)
\c@subfigure=\count116
\c@subtable=\count117
)
(/usr/local/texlive/2017/texmf-dist/tex/latex/csquotes/csquotes.sty
Package: csquotes 2017/03/11 v5.2b context-sensitive quotations (JAW)

(/usr/local/texlive/2017/texmf-dist/tex/latex/etoolbox/etoolbox.sty
Package: etoolbox 2017/01/02 v2.4 e-TeX tools for LaTeX (JAW)
\etb@tempcnta=\count118
)
\csq@reset=\count119
\csq@gtype=\count120
\csq@glevel=\count121
\csq@qlevel=\count122
\csq@maxlvl=\count123
\csq@tshold=\count124
\csq@ltx@everypar=\toks24

(/usr/local/texlive/2017/texmf-dist/tex/latex/csquotes/csquotes.def
File: csquotes.def 2017/03/11 v5.2b csquotes generic definitions (JAW)
)
Package csquotes Info: Trying to load configuration file 'csquotes.cfg'...
Package csquotes Info: ... configuration file loaded successfully.

(/usr/local/texlive/2017/texmf-dist/tex/latex/csquotes/csquotes.cfg
File: csquotes.cfg 
))
(/usr/local/texlive/2017/texmf-dist/tex/latex/wrapfig/wrapfig.sty
\wrapoverhang=\dimen140
\WF@size=\dimen141
\c@WF@wrappedlines=\count125
\WF@box=\box30
\WF@everypar=\toks25
Package: wrapfig 2003/01/31  v 3.6
)
(/usr/local/texlive/2017/texmf-dist/tex/latex/booktabs/booktabs.sty
Package: booktabs 2016/04/27 v1.618033 publication quality tables
\heavyrulewidth=\dimen142
\lightrulewidth=\dimen143
\cmidrulewidth=\dimen144
\belowrulesep=\dimen145
\belowbottomsep=\dimen146
\aboverulesep=\dimen147
\abovetopsep=\dimen148
\cmidrulesep=\dimen149
\cmidrulekern=\dimen150
\defaultaddspace=\dimen151
\@cmidla=\count126
\@cmidlb=\count127
\@aboverulesep=\dimen152
\@belowrulesep=\dimen153
\@thisruleclass=\count128
\@lastruleclass=\count129
\@thisrulewidth=\dimen154
)
(/usr/local/texlive/2017/texmf-dist/tex/latex/biblatex/biblatex.sty
Package: biblatex 2016/12/05 v3.7 programmable bibliographies (PK/JW/AB)

(/usr/local/texlive/2017/texmf-dist/tex/latex/logreq/logreq.sty
Package: logreq 2010/08/04 v1.0 xml request logger
\lrq@indent=\count130

(/usr/local/texlive/2017/texmf-dist/tex/latex/logreq/logreq.def
File: logreq.def 2010/08/04 v1.0 logreq spec v1.0
))
(/usr/local/texlive/2017/texmf-dist/tex/latex/base/ifthen.sty
Package: ifthen 2014/09/29 v1.1c Standard LaTeX ifthen package (DPC)
)
(/usr/local/texlive/2017/texmf-dist/tex/generic/xstring/xstring.sty
(/usr/local/texlive/2017/texmf-dist/tex/generic/xstring/xstring.tex
\@xs@message=\write3
\integerpart=\count131
\decimalpart=\count132
)
Package: xstring 2013/10/13  v1.7c  String manipulations (C Tellechea)
)
\c@tabx@nest=\count133
\c@listtotal=\count134
\c@listcount=\count135
\c@liststart=\count136
\c@liststop=\count137
\c@citecount=\count138
\c@citetotal=\count139
\c@multicitecount=\count140
\c@multicitetotal=\count141
\c@instcount=\count142
\c@maxnames=\count143
\c@minnames=\count144
\c@maxitems=\count145
\c@minitems=\count146
\c@citecounter=\count147
\c@savedcitecounter=\count148
\c@uniquelist=\count149
\c@uniquename=\count150
\c@refsection=\count151
\c@refsegment=\count152
\c@maxextratitle=\count153
\c@maxextratitleyear=\count154
\c@maxextrayear=\count155
\c@maxextraalpha=\count156
\c@abbrvpenalty=\count157
\c@highnamepenalty=\count158
\c@lownamepenalty=\count159
\c@maxparens=\count160
\c@parenlevel=\count161
\blx@tempcnta=\count162
\blx@tempcntb=\count163
\blx@tempcntc=\count164
\blx@maxsection=\count165
\blx@maxsegment@0=\count166
\blx@notetype=\count167
\blx@parenlevel@text=\count168
\blx@parenlevel@foot=\count169
\blx@sectionciteorder@0=\count170
\labelnumberwidth=\skip73
\labelalphawidth=\skip74
\biblabelsep=\skip75
\bibitemsep=\skip76
\bibnamesep=\skip77
\bibinitsep=\skip78
\bibparsep=\skip79
\bibhang=\skip80
\blx@bcfin=\read1
\blx@bcfout=\write4
\c@mincomprange=\count171
\c@maxcomprange=\count172
\c@mincompwidth=\count173
Package biblatex Info: Trying to load biblatex default data model...
Package biblatex Info: ... file 'blx-dm.def' found.

(/usr/local/texlive/2017/texmf-dist/tex/latex/biblatex/blx-dm.def)
Package biblatex Info: Trying to load biblatex style data model...
Package biblatex Info: ... file 'authoryear.dbx' not found.
Package biblatex Info: Trying to load biblatex custom data model...
Package biblatex Info: ... file 'biblatex-dm.cfg' not found.
\c@afterword=\count174
\c@savedafterword=\count175
\c@annotator=\count176
\c@savedannotator=\count177
\c@author=\count178
\c@savedauthor=\count179
\c@bookauthor=\count180
\c@savedbookauthor=\count181
\c@commentator=\count182
\c@savedcommentator=\count183
\c@editor=\count184
\c@savededitor=\count185
\c@editora=\count186
\c@savededitora=\count187
\c@editorb=\count188
\c@savededitorb=\count189
\c@editorc=\count190
\c@savededitorc=\count191
\c@foreword=\count192
\c@savedforeword=\count193
\c@holder=\count194
\c@savedholder=\count195
\c@introduction=\count196
\c@savedintroduction=\count197
\c@namea=\count198
\c@savednamea=\count199
\c@nameb=\count266
\c@savednameb=\count267
\c@namec=\count268
\c@savednamec=\count269
\c@translator=\count270
\c@savedtranslator=\count271
\c@shortauthor=\count272
\c@savedshortauthor=\count273
\c@shorteditor=\count274
\c@savedshorteditor=\count275
\c@labelname=\count276
\c@savedlabelname=\count277
\c@institution=\count278
\c@savedinstitution=\count279
\c@lista=\count280
\c@savedlista=\count281
\c@listb=\count282
\c@savedlistb=\count283
\c@listc=\count284
\c@savedlistc=\count285
\c@listd=\count286
\c@savedlistd=\count287
\c@liste=\count288
\c@savedliste=\count289
\c@listf=\count290
\c@savedlistf=\count291
\c@location=\count292
\c@savedlocation=\count293
\c@organization=\count294
\c@savedorganization=\count295
\c@origlocation=\count296
\c@savedoriglocation=\count297
\c@origpublisher=\count298
\c@savedorigpublisher=\count299
\c@publisher=\count300
\c@savedpublisher=\count301
\c@language=\count302
\c@savedlanguage=\count303
\c@pageref=\count304
\c@savedpageref=\count305
\shorthandwidth=\skip81
\shortjournalwidth=\skip82
\shortserieswidth=\skip83
\shorttitlewidth=\skip84
\shortauthorwidth=\skip85
\shorteditorwidth=\skip86
Package biblatex Info: Trying to load compatibility code...
Package biblatex Info: ... file 'blx-compat.def' found.

(/usr/local/texlive/2017/texmf-dist/tex/latex/biblatex/blx-compat.def
File: blx-compat.def 2016/12/05 v3.7 biblatex compatibility (PK/JW/AB)
)
Package biblatex Info: Trying to load BibTeX backend compatibility...
Package biblatex Info: ... file 'blx-bibtex.def' found.

(/usr/local/texlive/2017/texmf-dist/tex/latex/biblatex/blx-bibtex.def
File: blx-bibtex.def 2016/12/05 v3.7 biblatex compatibility (PK/JW/AB)


Package biblatex Warning: Using fall-back BibTeX(8) backend:
(biblatex)                functionality may be reduced/unavailable.

)
Package biblatex Info: Trying to load generic definitions...
Package biblatex Info: ... file 'biblatex.def' found.
 (/usr/local/texlive/2017/texmf-dist/tex/latex/biblatex/biblatex.def
File: biblatex.def 2016/12/05 v3.7 biblatex compatibility (PK/JW/AB)
\c@textcitecount=\count306
\c@textcitetotal=\count307
\c@textcitemaxnames=\count308
\c@biburlnumpenalty=\count309
\c@biburlucpenalty=\count310
\c@biburllcpenalty=\count311
\c@smartand=\count312
)
Package biblatex Info: Trying to load bibliography style 'authoryear'...
Package biblatex Info: ... file 'authoryear.bbx' found.

(/usr/local/texlive/2017/texmf-dist/tex/latex/biblatex/bbx/authoryear.bbx
File: authoryear.bbx 2016/12/05 v3.7 biblatex bibliography style (PK/JW/AB)
Package biblatex Info: Trying to load bibliography style 'standard'...
Package biblatex Info: ... file 'standard.bbx' found.

(/usr/local/texlive/2017/texmf-dist/tex/latex/biblatex/bbx/standard.bbx
File: standard.bbx 2016/12/05 v3.7 biblatex bibliography style (PK/JW/AB)
\c@bbx:relatedcount=\count313
\c@bbx:relatedtotal=\count314
))
Package biblatex Info: Trying to load citation style 'authoryear'...
Package biblatex Info: ... file 'authoryear.cbx' found.

(/usr/local/texlive/2017/texmf-dist/tex/latex/biblatex/cbx/authoryear.cbx
File: authoryear.cbx 2016/12/05 v3.7 biblatex citation style (PK/JW/AB)
Package biblatex Info: Redefining '\cite'.
Package biblatex Info: Redefining '\parencite'.
Package biblatex Info: Redefining '\footcite'.
Package biblatex Info: Redefining '\footcitetext'.
Package biblatex Info: Redefining '\smartcite'.
Package biblatex Info: Redefining '\textcite'.
Package biblatex Info: Redefining '\textcites'.
)
Package biblatex Info: Trying to load configuration file...
Package biblatex Info: ... file 'biblatex.cfg' found.

(/usr/local/texlive/2017/texmf-dist/tex/latex/biblatex/biblatex.cfg
File: biblatex.cfg 
))
(/usr/local/texlive/2017/texmf-dist/tex/latex/mathtools/mathtools.sty
Package: mathtools 2015/11/12 v1.18 mathematical typesetting tools

(/usr/local/texlive/2017/texmf-dist/tex/latex/tools/calc.sty
Package: calc 2014/10/28 v4.3 Infix arithmetic (KKT,FJ)
\calc@Acount=\count315
\calc@Bcount=\count316
\calc@Adimen=\dimen155
\calc@Bdimen=\dimen156
\calc@Askip=\skip87
\calc@Bskip=\skip88
LaTeX Info: Redefining \setlength on input line 80.
LaTeX Info: Redefining \addtolength on input line 81.
\calc@Ccount=\count317
\calc@Cskip=\skip89
)
(/usr/local/texlive/2017/texmf-dist/tex/latex/mathtools/mhsetup.sty
Package: mhsetup 2010/01/21 v1.2a programming setup (MH)
)
LaTeX Info: Thecontrolsequence`\('isalreadyrobust on input line 129.
LaTeX Info: Thecontrolsequence`\)'isalreadyrobust on input line 129.
LaTeX Info: Thecontrolsequence`\['isalreadyrobust on input line 129.
LaTeX Info: Thecontrolsequence`\]'isalreadyrobust on input line 129.
\g_MT_multlinerow_int=\count318
\l_MT_multwidth_dim=\dimen157
\origjot=\skip90
\l_MT_shortvdotswithinadjustabove_dim=\dimen158
\l_MT_shortvdotswithinadjustbelow_dim=\dimen159
\l_MT_above_intertext_sep=\dimen160
\l_MT_below_intertext_sep=\dimen161
\l_MT_above_shortintertext_sep=\dimen162
\l_MT_below_shortintertext_sep=\dimen163
)
Package csquotes Info: Checking for multilingual support...
Package csquotes Info: ... none found.
Package biblatex Info: Trying to load language 'english'...
Package biblatex Info: ... file 'english.lbx' found.

(/usr/local/texlive/2017/texmf-dist/tex/latex/biblatex/lbx/english.lbx
File: english.lbx 2016/12/05 v3.7 biblatex localization (PK/JW/AB)
)
No file xstream.aux.
\openout1 = `xstream.aux'.

LaTeX Font Info:    Checking defaults for OML/cmm/m/it on input line 55.
LaTeX Font Info:    ... okay on input line 55.
LaTeX Font Info:    Checking defaults for T1/cmr/m/n on input line 55.
LaTeX Font Info:    ... okay on input line 55.
LaTeX Font Info:    Checking defaults for OT1/cmr/m/n on input line 55.
LaTeX Font Info:    ... okay on input line 55.
LaTeX Font Info:    Checking defaults for OMS/cmsy/m/n on input line 55.
LaTeX Font Info:    ... okay on input line 55.
LaTeX Font Info:    Checking defaults for OMX/cmex/m/n on input line 55.
LaTeX Font Info:    ... okay on input line 55.
LaTeX Font Info:    Checking defaults for U/cmr/m/n on input line 55.
LaTeX Font Info:    ... okay on input line 55.
LaTeX Font Info:    Checking defaults for PD1/pdf/m/n on input line 55.
LaTeX Font Info:    ... okay on input line 55.
LaTeX Font Info:    Try loading font information for T1+ppl on input line 55.
(/usr/local/texlive/2017/texmf-dist/tex/latex/psnfss/t1ppl.fd
File: t1ppl.fd 2001/06/04 font definitions for T1/ppl.
)
*geometry* driver: auto-detecting
*geometry* detected driver: pdftex
*geometry* verbose mode - [ preamble ] result:
* driver: pdftex
* paper: letterpaper
* layout: <same size as paper>
* layoutoffset:(h,v)=(0.0pt,0.0pt)
* modes: 
* h-part:(L,W,R)=(72.26999pt, 469.75502pt, 72.26999pt)
* v-part:(T,H,B)=(72.26999pt, 650.43001pt, 72.26999pt)
* \paperwidth=614.295pt
* \paperheight=794.96999pt
* \textwidth=469.75502pt
* \textheight=650.43001pt
* \oddsidemargin=0.0pt
* \evensidemargin=0.0pt
* \topmargin=-37.0pt
* \headheight=12.0pt
* \headsep=25.0pt
* \topskip=11.0pt
* \footskip=18.0pt
* \marginparwidth=59.0pt
* \marginparsep=10.0pt
* \columnsep=24.0pt
* \skip\footins=10.0pt plus 4.0pt minus 2.0pt
* \hoffset=0.0pt
* \voffset=0.0pt
* \mag=1000
* \@twocolumnfalse
* \@twosidefalse
* \@mparswitchfalse
* \@reversemarginfalse
* (1in=72.27pt=25.4mm, 1cm=28.453pt)

Package ragged2e Info: ABD: executing \RaggedRight on input line 55.
ABD: EverySelectfont initializing macros
LaTeX Info: Redefining \selectfont on input line 55.
Package lastpage Info: Please have a look at the pageslts package at
(lastpage)             https://www.ctan.org/pkg/pageslts
(lastpage)             ! on input line 55.

(/usr/local/texlive/2017/texmf-dist/tex/context/base/mkii/supp-pdf.mkii
[Loading MPS to PDF converter (version 2006.09.02).]
\scratchcounter=\count319
\scratchdimen=\dimen164
\scratchbox=\box31
\nofMPsegments=\count320
\nofMParguments=\count321
\everyMPshowfont=\toks26
\MPscratchCnt=\count322
\MPscratchDim=\dimen165
\MPnumerator=\count323
\makeMPintoPDFobject=\count324
\everyMPtoPDFconversion=\toks27
) (/usr/local/texlive/2017/texmf-dist/tex/latex/oberdiek/epstopdf-base.sty
Package: epstopdf-base 2016/05/15 v2.6 Base part for package epstopdf

(/usr/local/texlive/2017/texmf-dist/tex/latex/oberdiek/grfext.sty
Package: grfext 2016/05/16 v1.2 Manage graphics extensions (HO)
)
Package epstopdf-base Info: Redefining graphics rule for `.eps' on input line 4
38.
Package grfext Info: Graphics extension search list:
(grfext)             [.png,.pdf,.jpg,.mps,.jpeg,.jbig2,.jb2,.PNG,.PDF,.JPG,.JPE
G,.JBIG2,.JB2,.eps]
(grfext)             \AppendGraphicsExtensions on input line 456.

(/usr/local/texlive/2017/texmf-dist/tex/latex/latexconfig/epstopdf-sys.cfg
File: epstopdf-sys.cfg 2010/07/13 v1.3 Configuration of (r)epstopdf for TeX Liv
e
))
\AtBeginShipoutBox=\box32
Package hyperref Info: Link coloring OFF on input line 55.

(/usr/local/texlive/2017/texmf-dist/tex/latex/hyperref/nameref.sty
Package: nameref 2016/05/21 v2.44 Cross-referencing by name of section

(/usr/local/texlive/2017/texmf-dist/tex/generic/oberdiek/gettitlestring.sty
Package: gettitlestring 2016/05/16 v1.5 Cleanup title references (HO)
)
\c@section@level=\count325
)
LaTeX Info: Redefining \ref on input line 55.
LaTeX Info: Redefining \pageref on input line 55.
LaTeX Info: Redefining \nameref on input line 55.
\@outlinefile=\write5
\openout5 = `xstream.out'.

Package caption Info: Begin \AtBeginDocument code.
Package caption Info: wrapfig package is loaded.
Package caption Info: End \AtBeginDocument code.
Package biblatex Info: No input encoding detected.
(biblatex)             Assuming 'ascii'.
Package biblatex Info: Automatic encoding selection.
(biblatex)             Assuming data encoding 'ascii'.
Package biblatex Info: Input encoding 'ascii' specified.
Package biblatex Info: Data encoding 'ascii' specified.
(biblatex)             No need to reencode data.
\openout4 = `xstream-blx.bib'.

Package biblatex Info: Trying to load bibliographic data...
Package biblatex Info: ... file 'xstream.bbl' not found.

No file xstream.bbl.
Package biblatex Info: Reference section=0 on input line 55.
Package biblatex Info: Reference segment=0 on input line 55.
LaTeX Font Info:    Font shape `T1/ppl/bx/n' in size <10.95> not available
(Font)              Font shape `T1/ppl/b/n' tried instead on input line 57.
LaTeX Font Info:    Font shape `T1/ppl/bx/n' in size <20.74> not available
(Font)              Font shape `T1/ppl/b/n' tried instead on input line 57.
LaTeX Font Info:    Font shape `T1/ppl/bx/n' in size <14.4> not available
(Font)              Font shape `T1/ppl/b/n' tried instead on input line 59.
LaTeX Font Info:    Try loading font information for OT1+ppl on input line 64.
(/usr/local/texlive/2017/texmf-dist/tex/latex/psnfss/ot1ppl.fd
File: ot1ppl.fd 2001/06/04 font definitions for OT1/ppl.
)
LaTeX Font Info:    Try loading font information for OML+zplm on input line 64.


(/usr/local/texlive/2017/texmf-dist/tex/latex/psnfss/omlzplm.fd
File: omlzplm.fd 2002/09/08 Fontinst v1.914 font definitions for OML/zplm.
)
LaTeX Font Info:    Try loading font information for OMS+zplm on input line 64.


(/usr/local/texlive/2017/texmf-dist/tex/latex/psnfss/omszplm.fd
File: omszplm.fd 2002/09/08 Fontinst v1.914 font definitions for OMS/zplm.
)
LaTeX Font Info:    Try loading font information for OMX+zplm on input line 64.


(/usr/local/texlive/2017/texmf-dist/tex/latex/psnfss/omxzplm.fd
File: omxzplm.fd 2002/09/08 Fontinst v1.914 font definitions for OMX/zplm.
)
LaTeX Font Info:    Try loading font information for OT1+zplm on input line 64.


(/usr/local/texlive/2017/texmf-dist/tex/latex/psnfss/ot1zplm.fd
File: ot1zplm.fd 2002/09/08 Fontinst v1.914 font definitions for OT1/zplm.
)
LaTeX Font Info:    Font shape `T1/ppl/bx/n' in size <10> not available
(Font)              Font shape `T1/ppl/b/n' tried instead on input line 66.

Overfull \hbox (20.1373pt too wide) in paragraph at lines 64--81
 [][] 
 []


Underfull \hbox (badness 1990) in paragraph at lines 92--93
\OT1/zplm/m/n/10.95 (\OML/zplm/m/it/10.95 y[]\OT1/ppl/m/n/10.95 , [] , \OML/zpl
m/m/it/10.95 y[]\OT1/zplm/m/n/10.95 )$\T1/ppl/m/n/10.95 , its bin vec-tor is gi
ven by $[] \OT1/zplm/m/n/10.95 = 
 []

LaTeX Font Info:    Font shape `T1/ppl/bx/n' in size <12> not available
(Font)              Font shape `T1/ppl/b/n' tried instead on input line 99.
LaTeX Font Info:    Try loading font information for OMS+ppl on input line 103.

(/usr/local/texlive/2017/texmf-dist/tex/latex/psnfss/omsppl.fd
File: omsppl.fd 
)
LaTeX Font Info:    Font shape `OMS/ppl/m/n' in size <10.95> not available
(Font)              Font shape `OMS/cmsy/m/n' tried instead on input line 103.

<fig/k25T100_prcurves.pdf, id=4, 413.1416pt x 315.53458pt>
File: fig/k25T100_prcurves.pdf Graphic file (type pdf)

<use fig/k25T100_prcurves.pdf>
Package pdftex.def Info: fig/k25T100_prcurves.pdf used on input line 112.
(pdftex.def)             Requested size: 150.32504pt x 114.81046pt.

<fig/k50T100_prcurves.pdf, id=5, 413.1416pt x 315.53458pt>
File: fig/k50T100_prcurves.pdf Graphic file (type pdf)

<use fig/k50T100_prcurves.pdf>
Package pdftex.def Info: fig/k50T100_prcurves.pdf used on input line 118.
(pdftex.def)             Requested size: 150.32504pt x 114.81046pt.

<fig/k50T200_prcurves.pdf, id=6, 413.1416pt x 315.53458pt>
File: fig/k50T200_prcurves.pdf Graphic file (type pdf)

<use fig/k50T200_prcurves.pdf>
Package pdftex.def Info: fig/k50T200_prcurves.pdf used on input line 124.
(pdftex.def)             Requested size: 150.32504pt x 114.81046pt.

<fig/exact_nn.pdf, id=7, 424.0417pt x 315.53458pt>
File: fig/exact_nn.pdf Graphic file (type pdf)
 <use fig/exact_nn.pdf>
Package pdftex.def Info: fig/exact_nn.pdf used on input line 143.
(pdftex.def)             Requested size: 164.41711pt x 122.34541pt.

<fig/exact_prcurve.pdf, id=8, 413.1416pt x 315.53458pt>
File: fig/exact_prcurve.pdf Graphic file (type pdf)

<use fig/exact_prcurve.pdf>
Package pdftex.def Info: fig/exact_prcurve.pdf used on input line 144.
(pdftex.def)             Requested size: 164.41711pt x 125.57605pt.
LaTeX Font Info:    Font shape `T1/ppl/bx/n' in size <8> not available
(Font)              Font shape `T1/ppl/b/n' tried instead on input line 148.


LaTeX Warning: Reference `LastPage' on page 1 undefined on input line 148.

[1

{/usr/local/texlive/2017/texmf-var/fonts/map/pdftex/updmap/pdftex.map}]

LaTeX Warning: Citation 'datar2004locality' on page 2 undefined on input line 1
48.


LaTeX Warning: Reference `LastPage' on page 2 undefined on input line 160.

[2 <./fig/k25T100_prcurves.pdf> <./fig/k50T100_prcurves.pdf

pdfTeX warning: /Library/TeX/texbin/pdflatex (file ./fig/k50T100_prcurves.pdf):
 PDF inclusion: multiple pdfs with page group included in a single page
> <./fig/k50T200_prcurves.pdf

pdfTeX warning: /Library/TeX/texbin/pdflatex (file ./fig/k50T200_prcurves.pdf):
 PDF inclusion: multiple pdfs with page group included in a single page
> <./fig/exact_nn.pdf

pdfTeX warning: /Library/TeX/texbin/pdflatex (file ./fig/exact_nn.pdf): PDF inc
lusion: multiple pdfs with page group included in a single page
> <./fig/exact_prcurve.pdf

pdfTeX warning: /Library/TeX/texbin/pdflatex (file ./fig/exact_prcurve.pdf): PD
F inclusion: multiple pdfs with page group included in a single page
>] <fig/K25T100_nn.pdf, id=214, 422.7086pt x 315.53458pt>
File: fig/K25T100_nn.pdf Graphic file (type pdf)

<use fig/K25T100_nn.pdf>
Package pdftex.def Info: fig/K25T100_nn.pdf used on input line 164.
(pdftex.def)             Requested size: 140.92793pt x 105.19557pt.

<fig/k25T100_pr2.pdf, id=215, 413.1416pt x 315.53458pt>
File: fig/k25T100_pr2.pdf Graphic file (type pdf)

<use fig/k25T100_pr2.pdf>
Package pdftex.def Info: fig/k25T100_pr2.pdf used on input line 165.
(pdftex.def)             Requested size: 140.92793pt x 107.63661pt.


LaTeX Warning: Citation 'bawa2005lsh' on page 3 undefined on input line 172.


LaTeX Warning: Citation 'andoni2017lsh' on page 3 undefined on input line 172.


LaTeX Warning: Citation 'ahle2017parameter' on page 3 undefined on input line 1
74.


LaTeX Warning: Reference `LastPage' on page 3 undefined on input line 180.

[3 <./fig/K25T100_nn.pdf> <./fig/k25T100_pr2.pdf

pdfTeX warning: /Library/TeX/texbin/pdflatex (file ./fig/k25T100_pr2.pdf): PDF 
inclusion: multiple pdfs with page group included in a single page
>]
Overfull \hbox (24.12729pt too wide) in paragraph at lines 186--205
 [][] 
 []


LaTeX Warning: Reference `LastPage' on page 4 undefined on input line 256.

[4] <fig/chains_pr_k50c10d10.pdf, id=309, 423.41437pt x 323.3137pt>
File: fig/chains_pr_k50c10d10.pdf Graphic file (type pdf)

<use fig/chains_pr_k50c10d10.pdf>
Package pdftex.def Info: fig/chains_pr_k50c10d10.pdf used on input line 263.
(pdftex.def)             Requested size: 112.74377pt x 86.08719pt.

<fig/chains_pr_k50c50d10.pdf, id=310, 423.41437pt x 323.3137pt>
File: fig/chains_pr_k50c50d10.pdf Graphic file (type pdf)

<use fig/chains_pr_k50c50d10.pdf>
Package pdftex.def Info: fig/chains_pr_k50c50d10.pdf used on input line 269.
(pdftex.def)             Requested size: 112.74377pt x 86.08719pt.

<fig/chains_pr_k25c10d10.pdf, id=311, 423.41437pt x 323.31364pt>
File: fig/chains_pr_k25c10d10.pdf Graphic file (type pdf)

<use fig/chains_pr_k25c10d10.pdf>
Package pdftex.def Info: fig/chains_pr_k25c10d10.pdf used on input line 275.
(pdftex.def)             Requested size: 112.74377pt x 86.08717pt.

<fig/chains_pr_k25c50d10.pdf, id=312, 423.41437pt x 323.31364pt>
File: fig/chains_pr_k25c50d10.pdf Graphic file (type pdf)

<use fig/chains_pr_k25c50d10.pdf>
Package pdftex.def Info: fig/chains_pr_k25c50d10.pdf used on input line 281.
(pdftex.def)             Requested size: 112.74377pt x 86.08717pt.

<fig/chains_hist_k50c10d10.pdf, id=313, 436.82387pt x 319.1105pt>
File: fig/chains_hist_k50c10d10.pdf Graphic file (type pdf)

<use fig/chains_hist_k50c10d10.pdf>
Package pdftex.def Info: fig/chains_hist_k50c10d10.pdf used on input line 291.
(pdftex.def)             Requested size: 112.74377pt x 82.35811pt.

<fig/chains_hist_k50c50d10.pdf, id=314, 436.82384pt x 319.11044pt>
File: fig/chains_hist_k50c50d10.pdf Graphic file (type pdf)

<use fig/chains_hist_k50c50d10.pdf>
Package pdftex.def Info: fig/chains_hist_k50c50d10.pdf used on input line 297.
(pdftex.def)             Requested size: 112.74377pt x 82.3581pt.

<fig/chains_hist_k25c10d10.pdf, id=315, 436.82384pt x 319.11044pt>
File: fig/chains_hist_k25c10d10.pdf Graphic file (type pdf)

<use fig/chains_hist_k25c10d10.pdf>
Package pdftex.def Info: fig/chains_hist_k25c10d10.pdf used on input line 303.
(pdftex.def)             Requested size: 112.74377pt x 82.3581pt.

<fig/chains_hist_k25c50d10.pdf, id=316, 436.82384pt x 319.11044pt>
File: fig/chains_hist_k25c50d10.pdf Graphic file (type pdf)

<use fig/chains_hist_k25c50d10.pdf>
Package pdftex.def Info: fig/chains_hist_k25c50d10.pdf used on input line 309.
(pdftex.def)             Requested size: 112.74377pt x 82.3581pt.

<fig/chains_anomalyscore_pr_k50c10d10.pdf, id=317, 423.41437pt x 323.31364pt>
File: fig/chains_anomalyscore_pr_k50c10d10.pdf Graphic file (type pdf)

<use fig/chains_anomalyscore_pr_k50c10d10.pdf>
Package pdftex.def Info: fig/chains_anomalyscore_pr_k50c10d10.pdf used on input
 line 328.
(pdftex.def)             Requested size: 112.74377pt x 86.08717pt.

<fig/chains_anomalyscore_pr_k50c50d10.pdf, id=318, 423.41437pt x 323.31364pt>
File: fig/chains_anomalyscore_pr_k50c50d10.pdf Graphic file (type pdf)

<use fig/chains_anomalyscore_pr_k50c50d10.pdf>
Package pdftex.def Info: fig/chains_anomalyscore_pr_k50c50d10.pdf used on input
 line 334.
(pdftex.def)             Requested size: 112.74377pt x 86.08717pt.

<fig/chains_anomalyscore_pr_k25c10d10.pdf, id=319, 423.41437pt x 323.31364pt>
File: fig/chains_anomalyscore_pr_k25c10d10.pdf Graphic file (type pdf)

<use fig/chains_anomalyscore_pr_k25c10d10.pdf>
Package pdftex.def Info: fig/chains_anomalyscore_pr_k25c10d10.pdf used on input
 line 340.
(pdftex.def)             Requested size: 112.74377pt x 86.08717pt.

<fig/chains_anomalyscore_pr_k25c50d10.pdf, id=320, 423.41437pt x 323.31364pt>
File: fig/chains_anomalyscore_pr_k25c50d10.pdf Graphic file (type pdf)

<use fig/chains_anomalyscore_pr_k25c50d10.pdf>
Package pdftex.def Info: fig/chains_anomalyscore_pr_k25c50d10.pdf used on input
 line 346.
(pdftex.def)             Requested size: 112.74377pt x 86.08717pt.

<fig/chains_lociscore_pr_k50c10d10.pdf, id=321, 423.41437pt x 323.31364pt>
File: fig/chains_lociscore_pr_k50c10d10.pdf Graphic file (type pdf)

<use fig/chains_lociscore_pr_k50c10d10.pdf>
Package pdftex.def Info: fig/chains_lociscore_pr_k50c10d10.pdf used on input li
ne 356.
(pdftex.def)             Requested size: 112.74377pt x 86.08717pt.

<fig/chains_lociscore_pr_k50c50d10.pdf, id=322, 423.41437pt x 323.31364pt>
File: fig/chains_lociscore_pr_k50c50d10.pdf Graphic file (type pdf)

<use fig/chains_lociscore_pr_k50c50d10.pdf>
Package pdftex.def Info: fig/chains_lociscore_pr_k50c50d10.pdf used on input li
ne 362.
(pdftex.def)             Requested size: 112.74377pt x 86.08717pt.

<fig/chains_lociscore_pr_k25c10d10.pdf, id=323, 423.41437pt x 323.31364pt>
File: fig/chains_lociscore_pr_k25c10d10.pdf Graphic file (type pdf)

<use fig/chains_lociscore_pr_k25c10d10.pdf>
Package pdftex.def Info: fig/chains_lociscore_pr_k25c10d10.pdf used on input li
ne 368.
(pdftex.def)             Requested size: 112.74377pt x 86.08717pt.

<fig/chains_lociscore_pr_k25c50d10.pdf, id=324, 423.41437pt x 323.31364pt>
File: fig/chains_lociscore_pr_k25c50d10.pdf Graphic file (type pdf)

<use fig/chains_lociscore_pr_k25c50d10.pdf>
Package pdftex.def Info: fig/chains_lociscore_pr_k25c50d10.pdf used on input li
ne 374.
(pdftex.def)             Requested size: 112.74377pt x 86.08717pt.


LaTeX Warning: Reference `LastPage' on page 5 undefined on input line 381.

[5 <./fig/chains_pr_k50c10d10.pdf> <./fig/chains_pr_k50c50d10.pdf> <./fig/chain
s_pr_k25c10d10.pdf> <./fig/chains_pr_k25c50d10.pdf

pdfTeX warning: /Library/TeX/texbin/pdflatex (file ./fig/chains_pr_k25c50d10.pd
f): PDF inclusion: multiple pdfs with page group included in a single page
> <./fig/chains_hist_k50c10d10.pdf> <./fig/chains_hist_k50c50d10.pdf

pdfTeX warning: /Library/TeX/texbin/pdflatex (file ./fig/chains_hist_k50c50d10.
pdf): PDF inclusion: multiple pdfs with page group included in a single page
> <./fig/chains_hist_k25c10d10.pdf

pdfTeX warning: /Library/TeX/texbin/pdflatex (file ./fig/chains_hist_k25c10d10.
pdf): PDF inclusion: multiple pdfs with page group included in a single page
> <./fig/chains_hist_k25c50d10.pdf

pdfTeX warning: /Library/TeX/texbin/pdflatex (file ./fig/chains_hist_k25c50d10.
pdf): PDF inclusion: multiple pdfs with page group included in a single page
> <./fig/chains_anomalyscore_pr_k50c10d10.pdf

pdfTeX warning: /Library/TeX/texbin/pdflatex (file ./fig/chains_anomalyscore_pr
_k50c10d10.pdf): PDF inclusion: multiple pdfs with page group included in a sin
gle page
> <./fig/chains_anomalyscore_pr_k50c50d10.pdf

pdfTeX warning: /Library/TeX/texbin/pdflatex (file ./fig/chains_anomalyscore_pr
_k50c50d10.pdf): PDF inclusion: multiple pdfs with page group included in a sin
gle page
> <./fig/chains_anomalyscore_pr_k25c10d10.pdf

pdfTeX warning: /Library/TeX/texbin/pdflatex (file ./fig/chains_anomalyscore_pr
_k25c10d10.pdf): PDF inclusion: multiple pdfs with page group included in a sin
gle page
> <./fig/chains_anomalyscore_pr_k25c50d10.pdf

pdfTeX warning: /Library/TeX/texbin/pdflatex (file ./fig/chains_anomalyscore_pr
_k25c50d10.pdf): PDF inclusion: multiple pdfs with page group included in a sin
gle page
>] <fig/chains_binids_k50c100d10.pdf, id=651, 427.88419pt x 323.76846pt>
File: fig/chains_binids_k50c100d10.pdf Graphic file (type pdf)

<use fig/chains_binids_k50c100d10.pdf>
Package pdftex.def Info: fig/chains_binids_k50c100d10.pdf used on input line 40
5.
(pdftex.def)             Requested size: 140.92793pt x 106.63641pt.


LaTeX Warning: Reference `LastPage' on page 6 undefined on input line 430.

[6 <./fig/chains_lociscore_pr_k50c10d10.pdf> <./fig/chains_lociscore_pr_k50c50d
10.pdf

pdfTeX warning: /Library/TeX/texbin/pdflatex (file ./fig/chains_lociscore_pr_k5
0c50d10.pdf): PDF inclusion: multiple pdfs with page group included in a single
 page
> <./fig/chains_lociscore_pr_k25c10d10.pdf

pdfTeX warning: /Library/TeX/texbin/pdflatex (file ./fig/chains_lociscore_pr_k2
5c10d10.pdf): PDF inclusion: multiple pdfs with page group included in a single
 page
> <./fig/chains_lociscore_pr_k25c50d10.pdf

pdfTeX warning: /Library/TeX/texbin/pdflatex (file ./fig/chains_lociscore_pr_k2
5c50d10.pdf): PDF inclusion: multiple pdfs with page group included in a single
 page
> <./fig/chains_binids_k50c100d10.pdf

pdfTeX warning: /Library/TeX/texbin/pdflatex (file ./fig/chains_binids_k50c100d
10.pdf): PDF inclusion: multiple pdfs with page group included in a single page

>] <fig/syndata.pdf, id=826, 379.93944pt x 288.59016pt>
File: fig/syndata.pdf Graphic file (type pdf)
 <use fig/syndata.pdf>
Package pdftex.def Info: fig/syndata.pdf used on input line 441.
(pdftex.def)             Requested size: 225.4804pt x 171.26631pt.

<fig/chains_type_bincounts_k50c50d10.pdf, id=827, 455.94087pt x 353.2956pt>
File: fig/chains_type_bincounts_k50c50d10.pdf Graphic file (type pdf)

<use fig/chains_type_bincounts_k50c50d10.pdf>
Package pdftex.def Info: fig/chains_type_bincounts_k50c50d10.pdf used on input 
line 447.
(pdftex.def)             Requested size: 225.4804pt x 174.71742pt.

<fig/chains_type_lociscores_k50c50d10.pdf, id=828, 457.4444pt x 353.2956pt>
File: fig/chains_type_lociscores_k50c50d10.pdf Graphic file (type pdf)

<use fig/chains_type_lociscores_k50c50d10.pdf>
Package pdftex.def Info: fig/chains_type_lociscores_k50c50d10.pdf used on input
 line 453.
(pdftex.def)             Requested size: 225.4804pt x 174.146pt.

<fig/chains_type_anomscores_k50c50d10.pdf, id=829, 462.08673pt x 352.84076pt>
File: fig/chains_type_anomscores_k50c50d10.pdf Graphic file (type pdf)

<use fig/chains_type_anomscores_k50c50d10.pdf>
Package pdftex.def Info: fig/chains_type_anomscores_k50c50d10.pdf used on input
 line 459.
(pdftex.def)             Requested size: 225.4804pt x 172.17203pt.


LaTeX Warning: Reference `LastPage' on page 7 undefined on input line 520.

[7 <./fig/syndata.pdf> <./fig/chains_type_bincounts_k50c50d10.pdf

pdfTeX warning: /Library/TeX/texbin/pdflatex (file ./fig/chains_type_bincounts_
k50c50d10.pdf): PDF inclusion: multiple pdfs with page group included in a sing
le page
> <./fig/chains_type_lociscores_k50c50d10.pdf

pdfTeX warning: /Library/TeX/texbin/pdflatex (file ./fig/chains_type_lociscores
_k50c50d10.pdf): PDF inclusion: multiple pdfs with page group included in a sin
gle page
> <./fig/chains_type_anomscores_k50c50d10.pdf

pdfTeX warning: /Library/TeX/texbin/pdflatex (file ./fig/chains_type_anomscores
_k50c50d10.pdf): PDF inclusion: multiple pdfs with page group included in a sin
gle page
>]

LaTeX Warning: Reference `LastPage' on page 8 undefined on input line 531.

[8] (./static.tex

LaTeX Warning: Reference `table:datasets' on page 9 undefined on input line 5.


LaTeX Warning: No positions in optional float specifier.
               Default added (so using `tbp') on input line 7.


LaTeX Warning: Reference `LastPage' on page 9 undefined on input line 27.

[9]
Overfull \hbox (0.29004pt too wide) in paragraph at lines 34--35
\T1/ppl/m/n/10.95 tograms, but fix the num-ber of his-tograms to $\OT1/ppl/m/n/
10.95 100$ \T1/ppl/m/n/10.95 to be com-pa-ra-ble to rest of the al-go-rithms.  

 []


Overfull \hbox (12.54459pt too wide) in paragraph at lines 42--73
 [][] 
 []


LaTeX Warning: No positions in optional float specifier.
               Default added (so using `tbp') on input line 115.

<fig/baseline/TimeAnalysis_LowDim.png, id=980, 867.24pt x 722.7pt>
File: fig/baseline/TimeAnalysis_LowDim.png Graphic file (type png)

<use fig/baseline/TimeAnalysis_LowDim.png>
Package pdftex.def Info: fig/baseline/TimeAnalysis_LowDim.png used on input lin
e 197.
(pdftex.def)             Requested size: 225.4804pt x 187.89757pt.

<fig/baseline/TimeAnalysis_HighDim.pdf, id=982, 867.24pt x 722.7pt>
File: fig/baseline/TimeAnalysis_HighDim.pdf Graphic file (type pdf)

<use fig/baseline/TimeAnalysis_HighDim.pdf>
Package pdftex.def Info: fig/baseline/TimeAnalysis_HighDim.pdf used on input li
ne 203.
(pdftex.def)             Requested size: 225.4804pt x 187.89757pt.


LaTeX Warning: Reference `LastPage' on page 10 undefined on input line 216.

[10]

LaTeX Warning: Reference `LastPage' on page 11 undefined on input line 218.

[11 <./fig/baseline/TimeAnalysis_LowDim.png> <./fig/baseline/TimeAnalysis_HighD
im.pdf>]
<fig/streaming_baseline/letter-recognition.pdf, id=1038, 578.16pt x 433.62pt>
File: fig/streaming_baseline/letter-recognition.pdf Graphic file (type pdf)

<use fig/streaming_baseline/letter-recognition.pdf>
Package pdftex.def Info: fig/streaming_baseline/letter-recognition.pdf used on 
input line 229.
(pdftex.def)             Requested size: 225.4804pt x 169.10449pt.

<fig/streaming_baseline/madelon.pdf, id=1039, 578.16pt x 433.62pt>
File: fig/streaming_baseline/madelon.pdf Graphic file (type pdf)

<use fig/streaming_baseline/madelon.pdf>
Package pdftex.def Info: fig/streaming_baseline/madelon.pdf used on input line 
235.
(pdftex.def)             Requested size: 225.4804pt x 169.10449pt.
)

LaTeX Warning: Reference `LastPage' on page 12 undefined on input line 560.

[12]

LaTeX Warning: Text page 13 contains only floats.


LaTeX Warning: Reference `LastPage' on page 13 undefined on input line 560.

[13 <./fig/streaming_baseline/letter-recognition.pdf> <./fig/streaming_baseline
/madelon.pdf

pdfTeX warning: /Library/TeX/texbin/pdflatex (file ./fig/streaming_baseline/mad
elon.pdf): PDF inclusion: multiple pdfs with page group included in a single pa
ge
>]

LaTeX Warning: Empty bibliography on input line 561.


Package lastpage Warning: Rerun to get the references right on input line 562.


AED: lastpage setting LastPage

LaTeX Warning: Reference `LastPage' on page 14 undefined on input line 562.

[14]
Package atveryend Info: Empty hook `BeforeClearDocument' on input line 562.
Package atveryend Info: Empty hook `AfterLastShipout' on input line 562.
 (./xstream.aux)
Package atveryend Info: Executing hook `AtVeryEndDocument' on input line 562.
Package atveryend Info: Executing hook `AtEndAfterFileList' on input line 562.


Package rerunfilecheck Warning: File `xstream.out' has changed.
(rerunfilecheck)                Rerun to get outlines right
(rerunfilecheck)                or use package `bookmark'.

Package rerunfilecheck Info: Checksums for `xstream.out':
(rerunfilecheck)             Before: <no file>
(rerunfilecheck)             After:  35A315B577EB55D7CCE297095A324E0A;1536.

LaTeX Warning: There were undefined references.


LaTeX Warning: Label(s) may have changed. Rerun to get cross-references right.


Package biblatex Warning: Please (re)run BibTeX on the file(s):
(biblatex)                xstream
(biblatex)                and rerun LaTeX afterwards.

Package logreq Info: Writing requests to 'xstream.run.xml'.
\openout1 = `xstream.run.xml'.

Package atveryend Info: Empty hook `AtVeryVeryEnd' on input line 562.
 ) 
Here is how much of TeX's memory you used:
 16768 strings out of 492995
 275618 string characters out of 6132704
 595710 words of memory out of 5000000
 19971 multiletter control sequences out of 15000+600000
 46812 words of font info for 98 fonts, out of 8000000 for 9000
 1141 hyphenation exceptions out of 8191
 42i,14n,43p,941b,1177s stack positions out of 5000i,500n,10000p,200000b,80000s
{/usr/local/texlive/2017/texmf-dist/fonts/enc/dvips/base/8r.enc}</usr/local/t
exlive/2017/texmf-dist/fonts/type1/public/amsfonts/cm/cmex10.pfb></usr/local/te
xlive/2017/texmf-dist/fonts/type1/public/amsfonts/cm/cmmi10.pfb></usr/local/tex
live/2017/texmf-dist/fonts/type1/public/amsfonts/cm/cmr10.pfb></usr/local/texli
ve/2017/texmf-dist/fonts/type1/public/amsfonts/cm/cmsy10.pfb></usr/local/texliv
e/2017/texmf-dist/fonts/type1/public/mathpazo/fplmr.pfb></usr/local/texlive/201
7/texmf-dist/fonts/type1/public/mathpazo/fplmri.pfb></usr/local/texlive/2017/te
xmf-dist/fonts/type1/urw/palatino/uplb8a.pfb></usr/local/texlive/2017/texmf-dis
t/fonts/type1/urw/palatino/uplr8a.pfb></usr/local/texlive/2017/texmf-dist/fonts
/type1/urw/palatino/uplri8a.pfb>
Output written on xstream.pdf (14 pages, 1374629 bytes).
PDF statistics:
 1156 PDF objects out of 1200 (max. 8388607)
 371 compressed objects within 4 object streams
 79 named destinations out of 1000 (max. 500000)
 161 words of extra memory for PDF output out of 10000 (max. 10000000)

