\BOOKMARK [1][-]{section.1}{Histogram Forests \(HF\)}{}% 1
\BOOKMARK [2][-]{subsection.1.1}{HF Results}{section.1}% 2
\BOOKMARK [2][-]{subsection.1.2}{Interpretation \204 Approximate Nearest Neighbors}{section.1}% 3
\BOOKMARK [2][-]{subsection.1.3}{Data-dependent Parameter Tuning}{section.1}% 4
\BOOKMARK [2][-]{subsection.1.4}{Relationship to Chains}{section.1}% 5
\BOOKMARK [1][-]{section.2}{Chains}{}% 6
\BOOKMARK [2][-]{subsection.2.1}{Results with bin-counts as anomaly scores}{section.2}% 7
\BOOKMARK [2][-]{subsection.2.2}{Results with LOCI scores as anomaly scores}{section.2}% 8
\BOOKMARK [2][-]{subsection.2.3}{Stability across runs}{section.2}% 9
\BOOKMARK [2][-]{subsection.2.4}{Number of unique bin IDs with depth}{section.2}% 10
\BOOKMARK [2][-]{subsection.2.5}{Scores for different anomaly types}{section.2}% 11
\BOOKMARK [2][-]{subsection.2.6}{Results on other high-dimensional datasets}{section.2}% 12
\BOOKMARK [2][-]{subsection.2.7}{Results on other low/medium dimensional datasets}{section.2}% 13
\BOOKMARK [1][-]{section.3}{Baselines}{}% 14
\BOOKMARK [2][-]{subsection.3.1}{Datasets}{section.3}% 15
\BOOKMARK [2][-]{subsection.3.2}{Adding Noise To Datasets}{section.3}% 16
\BOOKMARK [2][-]{subsection.3.3}{Baseline Algorithms}{section.3}% 17
\BOOKMARK [2][-]{subsection.3.4}{Baseline Results}{section.3}% 18
\BOOKMARK [2][-]{subsection.3.5}{Time and Space Complexity}{section.3}% 19
\BOOKMARK [2][-]{subsection.3.6}{Results}{section.3}% 20
\BOOKMARK [2][-]{subsection.3.7}{Streaming Baseline Setup}{section.3}% 21
